  Building Custom Rule C:/Users/Marim/source/repos/ufjfmltk-cli/widgets/factory/CMakeLists.txt
  CMake is re-running because C:/Users/Marim/source/repos/ufjfmltk-cli/build/widgets/factory/CMakeFiles/generate.stamp is out-of-date.
    the file 'C:/Users/Marim/source/repos/ufjfmltk-cli/widgets/factory/CMakeLists.txt'
    is newer than 'C:/Users/Marim/source/repos/ufjfmltk-cli/build/widgets/factory/CMakeFiles/generate.stamp.depend'
    result='-1'
  -- Selecting Windows SDK version 10.0.19041.0 to target Windows 10.0.19042.
  -- Created target core for export ufjfmltk.
  -- Created target classifier for export ufjfmltk.
  -- Created target valid for export ufjfmltk.
  -- Created target clusterer for export ufjfmltk.
  -- Created target ensemble for export ufjfmltk.
  -- Created target featselect for export ufjfmltk.
  -- Created target regressor for export ufjfmltk.
  -- Created target visual for export ufjfmltk.
  -- Created target ufjfmltk for export ufjfmltk.
  -- Created target cppcli for export cppcli.
  -- Created target factory for export ufjfmltk-cli.
  -- Created target widgets for export ufjfmltk-cli.
  -- Configuring done
  -- Generating done
  -- Build files have been written to: C:/Users/Marim/source/repos/ufjfmltk-cli/build
  ClassifiersFactory.cpp
  ClusterersFactory.cpp
  FeatSelectFactory.cpp
C:\Program Files (x86)\Microsoft Visual Studio\2019\Community\VC\Tools\MSVC\14.29.30037\include\xutility(151,49): warning C4267: 'argument': conversion from 'size_t' to 'int', possible loss of data
C:\Program Files (x86)\Microsoft Visual Studio\2019\Community\VC\Tools\MSVC\14.29.30037\include\memory(2021): message : see reference to function template instantiation 'void std::_Construct_in_place<_Ty,mltk::Data<T>&,mltk::classifier::Classifier<T>*,size_t&>(_Ty &,mltk::Data<T> &,mltk::classifier::Classifier<T> *&&,size_t &) noexcept(false)' being compiled
          with
          [
              _Ty=mltk::featselect::Golub<double>,
              T=double
          ]
C:\Program Files (x86)\Microsoft Visual Studio\2019\Community\VC\Tools\MSVC\14.29.30037\include\memory(2747): message : see reference to function template instantiation 'std::_Ref_count_obj2<_Ty>::_Ref_count_obj2<mltk::Data<T>&,mltk::classifier::Classifier<T>*,size_t&>(mltk::Data<T> &,mltk::classifier::Classifier<T> *&&,size_t &)' being compiled
          with
          [
              _Ty=mltk::featselect::Golub<double>,
              T=double
          ]
C:\Program Files (x86)\Microsoft Visual Studio\2019\Community\VC\Tools\MSVC\14.29.30037\include\memory(2748): message : see reference to function template instantiation 'std::_Ref_count_obj2<_Ty>::_Ref_count_obj2<mltk::Data<T>&,mltk::classifier::Classifier<T>*,size_t&>(mltk::Data<T> &,mltk::classifier::Classifier<T> *&&,size_t &)' being compiled
          with
          [
              _Ty=mltk::featselect::Golub<double>,
              T=double
          ]
C:\Users\Marim\source\repos\ufjfmltk-cli\widgets\factory\src\FeatSelectFactory.cpp(112): message : see reference to function template instantiation 'std::shared_ptr<mltk::featselect::Golub<double>> std::make_shared<mltk::featselect::Golub<double>,mltk::Data<T>&,mltk::classifier::Classifier<T>*,size_t&>(mltk::Data<T> &,mltk::classifier::Classifier<T> *&&,size_t &)' being compiled
          with
          [
              T=double
          ]
  RegressorsFactory.cpp
  Generating Code...
  factory.vcxproj -> C:\Users\Marim\source\repos\ufjfmltk-cli\build\widgets\factory\Debug\factory.lib
