  Checking Build System
  CMake is re-running because C:/Users/Marim/source/repos/ufjfmltk-cli/build/CMakeFiles/generate.stamp is out-of-date.
    the file 'C:/Users/Marim/source/repos/ufjfmltk-cli/CMakeLists.txt'
    is newer than 'C:/Users/Marim/source/repos/ufjfmltk-cli/build/CMakeFiles/generate.stamp.depend'
    result='-1'
  -- Selecting Windows SDK version 10.0.19041.0 to target Windows 10.0.19042.
  -- Created target core for export ufjfmltk.
  -- Created target classifier for export ufjfmltk.
  -- Created target valid for export ufjfmltk.
  -- Created target clusterer for export ufjfmltk.
  -- Created target ensemble for export ufjfmltk.
  -- Created target featselect for export ufjfmltk.
  -- Created target regressor for export ufjfmltk.
  -- Created target visual for export ufjfmltk.
  -- Created target ufjfmltk for export ufjfmltk.
  -- Created target cppcli for export cppcli.
  -- Created target factory for export ufjfmltk-cli.
  -- Created target widgets for export ufjfmltk-cli.
  -- Configuring done
  -- Generating done
  -- Build files have been written to: C:/Users/Marim/source/repos/ufjfmltk-cli/build
